Python 3.10.5
Num Physician IDs:  1781
Num Practice IDs:  150
Smoking statuses:  {'Unknown/Not documented': 0, 'No history of smoking': 1, 'History of smoking': 2}
Practice types:  {'ACADEMIC': 1, 'COMMUNITY': 2}
Race set:  {'': 0, nan: 0, 'nan': 0, nan: 0, 'White': 1, 'Asian': 2, 'Other Race': 3, 'Hispanic or Latino': 4, 'Black or African American': 5}
Histology set:  {'Squamous cell carcinoma': 1, 'Non-squamous cell carcinoma': 2, 'NSCLC histology NOS': 3}
Gender set:  {'': 0, nan: 0, 'F': 1, 'M': 2}
Stages set:  {'Group stage is not reported': 0, 'Stage 0': 1, 'Stage I': 2, 'Stage IA': 3, 'Stage IA1': 4, 'Stage IA2': 5, 'Stage IA3': 6, 'Stage IB': 7, 'Stage II': 8, 'Stage IIA': 9, 'Stage IIB': 10, 'Stage III': 11, 'Stage IIIA': 12, 'Stage IIIB': 13, 'Stage IIIC': 14, 'Stage IV': 15, 'Stage IVA': 16, 'Stage IVB': 17, 'Occult': 18}
States set:  {nan: 0, 'WI': 1, 'MN': 2, 'IN': 3, 'VA': 4, 'PR': 5, 'DC': 6, 'UT': 7, 'ID': 8, 'MO': 9, 'CT': 10, 'NH': 11, 'CA': 12, 'AR': 13, 'NV': 14, 'DE': 15, 'MD': 16, 'TN': 17, 'AL': 18, 'NJ': 19, 'PA': 20, 'NY': 21, 'NE': 22, 'WA': 23, 'WV': 24, 'AZ': 25, 'LA': 26, 'OR': 27, 'OK': 28, 'TX': 29, 'CO': 30, 'IA': 31, 'MS': 32, 'RI': 33, 'OH': 34, 'SC': 35, 'GA': 36, 'MI': 37, 'NC': 38, 'ME': 39, 'FL': 40, 'IL': 41, 'NM': 42, 'HI': 43, 'KS': 44, 'KY': 45, 'MA': 46}
Number of unique meds:  494
Number of unique vitals:  11
Number of unique labs:  199
Dynamic length:  704
{0: 0.7864369782602283, 1: 1.3727923381906184}
Best parameters: {'gamma': 1, 'learning_rate': 0.1, 'max_depth': 5, 'min_child_weight': 10, 'n_estimators': 300}
Best estimator: XGBClassifier(base_score=None, booster=None, callbacks=None,
              colsample_bylevel=None, colsample_bynode=None,
              colsample_bytree=None, device=None, early_stopping_rounds=None,
              enable_categorical=False, eval_metric=None, feature_types=None,
              gamma=1, grow_policy=None, importance_type=None,
              interaction_constraints=None, learning_rate=0.1, max_bin=None,
              max_cat_threshold=None, max_cat_to_onehot=None,
              max_delta_step=None, max_depth=5, max_leaves=None,
              min_child_weight=10, missing=nan, monotone_constraints=None,
              multi_strategy=None, n_estimators=300, n_jobs=None,
              num_parallel_tree=None, random_state=0, ...)
Accuracy: 0.7241
Best parameters: {'criterion': 'squared_error', 'learning_rate': 0.05, 'loss': 'exponential', 'max_depth': 5, 'max_features': None, 'n_estimators': 300}
Best estimator: GradientBoostingClassifier(criterion='squared_error', learning_rate=0.05,
                           loss='exponential', max_depth=5, n_estimators=300,
                           random_state=0)
Accuracy: 0.7253
Best parameters: {'class_weight': None, 'criterion': 'entropy', 'max_depth': 80, 'max_features': None, 'min_samples_leaf': 2, 'n_estimators': 200}
Best estimator: RandomForestClassifier(criterion='entropy', max_depth=80, max_features=None,
                       min_samples_leaf=2, n_estimators=200, random_state=0)
Accuracy: 0.7103
Logistic: 
Score:  0.5875778261195709
AUC:  0.6256945704646584
Best parameters: {'leaf_size': 20, 'n_neighbors': 50, 'weights': 'distance'}
Best estimator: KNeighborsClassifier(leaf_size=20, n_neighbors=50, weights='distance')
Accuracy: 0.6694
